# this is holding a bunch of old logs useful for tuning the filter.


#[I 2025-07-25 16:53:07,512] Trial 325 finished with value: 440.9124075623855 and parameters: {'zvup': 0.06588525622495593, 'sigm
#a_rx': 0.0022861802218951126, 'sigma_ry': 0.0012983074811196494, 'sigma_rz': 0.009245520814148816, 'sigma_x0': 0.000155973677050
#10278, 'sigma_v0': 0.06217527238223582, 'sigma_t0': 0.8488825014504591}. Best is trial 325 with value: 440.9124075623855.


#[I 2025-07-25 17:28:28,292] Trial 416 finished with value: 433.58946060964297 and parameters: {'zvup': 0.06591121562650046, 'sigma_rx': 0.04418833533335335, 'sigma_ry': 0.013254759331558853, 'sigma_rz': 0.09201183119581716, 'sigma_x0': 0.0005929856765126502, 'sigma_v0': 3.2460505342902612, 'sigma_t0': 2.7477648424432197}. Best is trial 416 with value: 433.58946060964297.

#[I 2025-07-25 18:53:08,612] Trial 716 finished with value: 407.96771460582073 and parameters: {'sigma_rx': 0.04468609922874736, 'sigma_ry': 0.0008901919678124007, 'sigma_rz': 0.01473736577048526, 'sigma_x0': 0.47286137796804684, 'sigma_v0': 0.0096176963844348, 'sigma_t0': 0.2022987221401768, 'sigma_ab0': 5.149450135049637e-06, 'sigma_wb0': 5.806057011268797e-06}. Best is trial 716 with value: 407.96771460582073.

#[I 2025-07-25 18:55:19,188] Trial 821 finished with value: 405.1441762527195 and parameters: {'sigma_rx': 0.09684841770934727, 'sigma_ry': 0.0013725949685810916, 'sigma_rz': 0.04398181987685962, 'sigma_x0': 6.624648749114252e-05, 'sigma_v0': 0.007515683639926633, 'sigma_t0': 0.33257733860198085, 'sigma_ab0': 3.1705010256707067e-06, 'sigma_wb0': 9.126116589046545e-06}. Best is trial 821 with value: 405.1441762527195.

#[I 2025-07-25 18:58:00,270] Trial 955 finished with value: 382.4709605600514 and parameters: {'sigma_rx': 0.10727334747461052, 'sigma_ry': 0.0018287842793904912, 'sigma_rz': 0.17660315062864113, 'sigma_x0': 0.00043563628591221566, 'sigma_v0': 0.015815115363663423, 'sigma_t0': 0.42447525382809054, 'sigma_ab0': 0.0006546524311950303, 'sigma_wb0': 1.58644696669057e-05}. Best is trial 955 with value: 382.4709605600514.

#[I 2025-07-25 18:58:49,638] Trial 995 finished with value: 365.30757818643224 and parameters: {'sigma_rx': 0.09477538890613998, 'sigma_ry': 0.0017404891180924991, 'sigma_rz': 0.14387466961499637, 'sigma_x0': 0.00018388627726622416, 'sigma_v0': 0.009247706325115361, 'sigma_t0': 0.37254662734760813, 'sigma_ab0': 0.00029147053615352663, 'sigma_wb0': 1.278086538391117e-05}. Best is trial 995 with value: 365.30757818643224.

# [I 2025-07-25 19:00:28,642] Trial 1026 finished with value: 344.7410889065129 and parameters: {'sigma_rx': 0.06369497644402516,
# 'sigma_ry': 0.0013123002550637839, 'sigma_rz': 0.1435772991770208, 'sigma_x0': 0.0007036620716387434, 'sigma_v0': 0.007979283650
# 989953, 'sigma_t0': 0.2916690850647766, 'sigma_ab0': 0.0005601955265819255, 'sigma_wb0': 8.897081750643848e-06}. Best is trial 1
# 026 with value: 344.7410889065129.
#
# [I 2025-07-25 19:01:37,183] Trial 1085 finished with value: 327.7234617398042 and parameters: {'sigma_rx': 0.0883341021179878, 'sigma_ry': 0.0012538100826337683, 'sigma_rz': 0.09814179201341228, 'sigma_x0': 9.000025112161344e-06, 'sigma_v0': 0.0029363517673115912, 'sigma_t0': 0.258428773603079, 'sigma_ab0': 0.00037284446866947573, 'sigma_wb0': 1.5486280123859486e-05}. Best is trial 1085 with value: 327.7234617398042.

# [I 2025-07-25 20:19:25,295] Trial 1448 finished with value: 351.659584927881 and parameters: {'sigma_rx': 0.0025418080690980493,
#  'sigma_ry': 0.0016223820292861268, 'sigma_rz': 0.08755357177945049, 'sigma_x0': 0.0014420673589990766, 'sigma_v0': 0.0040581850
# 195909215, 'sigma_t0': 3.7716079634557573, 'sigma_ab0': 5.2603130960434647e-05, 'sigma_wb0': 9.69989001971368e-06}. Best is tria
# l 1448 with value: 351.659584927881.
#
# [I 2025-07-25 21:10:20,672] Trial 1939 finished with value: 326.0462848805837 and parameters: {'sigma_rx': 0.0024715682687020163
# , 'sigma_ry': 0.0015515009497828983, 'sigma_rz': 0.08878095924926055, 'sigma_x0': 0.0001408715240936199, 'sigma_v0': 0.004926264
# 712689506, 'sigma_t0': 7.445385819046764, 'sigma_ab0': 8.46247544570668e-06, 'sigma_wb0': 4.809371680391446e-06}. Best is trial
# 1939 with value: 326.0462848805837.

# [I 2025-07-25 21:51:13,250] Trial 2628 finished with value: 325.36530548826056 and parameters: {'sigma_rx': 0.00218906410872166,
#  'sigma_ry': 0.0013905687484266273, 'sigma_rz': 0.10970234047335618, 'sigma_x0': 0.00012092717008214942, 'sigma_v0': 0.008352262
# 658065887, 'sigma_t0': 5.040192114482297, 'sigma_ab0': 2.922916428075303e-06, 'sigma_wb0': 1.3677969949071637e-05}. Best is tria
# l 2628 with value: 325.36530548826056.

# [I 2025-07-26 13:44:55,422] Trial 3578 finished with value: 300.1501065969445 and parameters: {'sigma_x0': 0.0025359215778589465
# , 'sigma_v0': 0.002518105902907463, 'sigma_t0': 0.4760590616965489, 'sigma_ab0': 1.718740495798116e-06, 'sigma_wb0': 0.000736969
# 0823553986, 'wn_sigma_w': 0.03648553856067597, 'wn_sigma_a': 0.027437163882191484, 'rw_sigma_w': 6.745925019051903e-06, 'rw_sigm
# a_a': 6.158312324018143e-05}. Best is trial 3578 with value: 300.1501065969445.

# [I 2025-07-31 15:44:53,330] Trial 2904 finished with value: 375.28563017956293 and parameters: {'sigma_rx': 0.002553580387729674
#, 'sigma_ry': 0.00035577823009230286, 'sigma_rz': 0.05018376374337812, 'sigma_t0': 3.384347608931206, 'sigma_ab0': 7.72342592713
#4926e-05, 'sigma_wb0': 0.0021851888595124792}. Best is trial 2904 with value: 375.28563017956293.


# [I 2025-07-25 22:38:48,802] Trial 1168 finished with value: 362.4271210890008 and parameters: {'sigma_x0': 0.0002416781921997776
# 6, 'sigma_v0': 0.009958399358231642, 'sigma_t0': 0.8946780268974658, 'sigma_ab0': 7.311821928109746e-06, 'sigma_wb0': 6.03800350
# 1731298e-06, 'wn_sigma_w': 0.05005345241421788, 'wn_sigma_a': 0.043885849720904486, 'rw_sigma_w': 0.00016436569511477382, 'rw_si
# gma_a': 0.002655368733459714}. Best is trial 1168 with value: 362.4271210890008.


# [I 2025-07-26 13:44:55,422] Trial 3578 finished with value: 300.1501065969445 and parameters: {'sigma_x0': 0.0025359215778589465
# , 'sigma_v0': 0.002518105902907463, 'sigma_t0': 0.4760590616965489, 'sigma_ab0': 1.718740495798116e-06, 'sigma_wb0': 0.000736969
# 0823553986, 'wn_sigma_w': 0.03648553856067597, 'wn_sigma_a': 0.027437163882191484, 'rw_sigma_w': 6.745925019051903e-06, 'rw_sigm
# a_a': 6.158312324018143e-05}. Best is trial 3578 with value: 300.1501065969445.
